<?xml version="1.0" encoding="UTF-8"?>
<!-- Generated by org.testng.reporters.JUnitReportReporter -->
<testsuite skipped="0" hostname="DESKTOP-7R99657" name="unitTesting.MyTestNG" tests="3" failures="0" timestamp="19 May 2018 00:41:02 GMT" time="0.024" errors="0">
  <testcase name="LoginApplication" time="0.015" classname="unitTesting.MyTestNG"/>
  <testcase name="selectItem" time="0.003" classname="unitTesting.MyTestNG"/>
  <testcase name="checkout" time="0.006" classname="unitTesting.MyTestNG"/>
</testsuite> <!-- unitTesting.MyTestNG -->
