<?xml version="1.0" encoding="UTF-8"?>
<!-- Generated by org.testng.reporters.JUnitReportReporter -->
<testsuite skipped="0" hostname="DESKTOP-7R99657" name="TestNGTesting.SmokeTesting" tests="2" failures="0" timestamp="22 May 2018 03:38:49 GMT" time="21.423" errors="0">
  <testcase name="smoke" time="0.002" classname="TestNGTesting.SmokeTesting"/>
  <testcase name="home" time="21.421" classname="TestNGTesting.SmokeTesting"/>
</testsuite> <!-- TestNGTesting.SmokeTesting -->
