<?xml version="1.0" encoding="UTF-8"?>
<!-- Generated by org.testng.reporters.JUnitReportReporter -->
<testsuite skipped="0" hostname="DESKTOP-7R99657" name="Selenium.TestNGTraining.TestNGUnderstanding" tests="1" failures="0" timestamp="21 May 2018 03:06:41 GMT" time="0.042" errors="0">
  <testcase name="initialization" time="0.042" classname="Selenium.TestNGTraining.TestNGUnderstanding"/>
</testsuite> <!-- Selenium.TestNGTraining.TestNGUnderstanding -->
