<?xml version="1.0" encoding="UTF-8"?>
<!-- Generated by org.testng.reporters.JUnitReportReporter -->
<testsuite skipped="0" hostname="DESKTOP-7R99657" name="TestNGTesting.RegressionTesting" tests="1" failures="0" timestamp="22 May 2018 14:57:01 GMT" time="0.003" errors="0">
  <testcase name="regression" time="0.003" classname="TestNGTesting.RegressionTesting"/>
</testsuite> <!-- TestNGTesting.RegressionTesting -->
