<?xml version="1.0" encoding="UTF-8"?>
<!-- Generated by org.testng.reporters.JUnitReportReporter -->
<testsuite skipped="0" hostname="DESKTOP-7R99657" name="TestNGTesting.RegressionTesting" tests="1" failures="0" timestamp="22 May 2018 03:38:49 GMT" time="0.020" errors="0">
  <testcase name="regression" time="0.020" classname="TestNGTesting.RegressionTesting"/>
</testsuite> <!-- TestNGTesting.RegressionTesting -->
