<?xml version="1.0" encoding="UTF-8"?>
<!-- Generated by org.testng.reporters.JUnitReportReporter -->
<testsuite skipped="0" hostname="DESKTOP-7R99657" name="SeleniumTest.DriverTest" tests="1" failures="0" timestamp="22 May 2018 14:57:01 GMT" time="45.237" errors="0">
  <testcase name="browser" time="45.237" classname="SeleniumTest.DriverTest"/>
</testsuite> <!-- SeleniumTest.DriverTest -->
