<?xml version="1.0" encoding="UTF-8"?>
<!-- Generated by org.testng.reporters.JUnitReportReporter -->
<testsuite skipped="0" hostname="DESKTOP-7R99657" name="TestNGCrossBrowserTest.TestNGCrossBrowserTest" tests="1" failures="0" timestamp="21 May 2018 20:13:31 GMT" time="27.094" errors="0">
  <testcase name="browserSelect" time="27.094" classname="TestNGCrossBrowserTest.TestNGCrossBrowserTest"/>
</testsuite> <!-- TestNGCrossBrowserTest.TestNGCrossBrowserTest -->
